<?xml version="1.0" encoding="UTF-8"?>
<!-- Generated by org.testng.reporters.JUnitReportReporter -->
<testsuite name="com.uiAutomatiom.testScript.Test1" tests="1" time="21.366" ignored="0" failures="0" timestamp="17 Nov 2018 11:00:26 GMT" skipped="0" hostname="pc-PC" errors="0">
  <testcase name="testLogin" time="21.366" classname="com.uiAutomatiom.testScript.Test1"/>
</testsuite> <!-- com.uiAutomatiom.testScript.Test1 -->
