<?xml version="1.0" encoding="UTF-8"?>
<!-- Generated by org.testng.reporters.JUnitReportReporter -->
<testsuite name="com.uiAutomatiom.testScript.LoginTest" tests="1" time="39.941" ignored="0" failures="0" timestamp="19 Nov 2018 07:14:11 GMT" skipped="0" hostname="pc-PC" errors="0">
  <testcase name="LoginTest" time="39.941" classname="com.uiAutomatiom.testScript.LoginTest"/>
</testsuite> <!-- com.uiAutomatiom.testScript.LoginTest -->
